\BOOKMARK [2][-]{section*.1}{\376\377\000R\000\040\000M\000a\000r\000k\000d\000o\000w\000n\000\040\000f\000r\000o\000m\000\040\000R\000\040\000S\000t\000u\000d\000i\000o\000\040\000-\000\040\000I\000n\000t\000r\000o}{}% 1
\BOOKMARK [3][-]{section*.2}{\376\377\000I\000n\000s\000t\000a\000l\000l\000a\000t\000i\000o\000n}{section*.1}% 2
\BOOKMARK [2][-]{section*.3}{\376\377\000V\000i\000r\000i\000d\000i\000s\000\040\000c\000o\000l\000o\000r\000s}{}% 3
\BOOKMARK [3][-]{section*.4}{\376\377\000M\000a\000g\000m\000a\000\040\000c\000o\000l\000o\000r\000s}{section*.3}% 4
\BOOKMARK [2][-]{section*.5}{\376\377\000S\000i\000m\000p\000l\000e\000\040\000D\000e\000m\000o\000\040\000l\000a\000n\000g\000u\000a\000g\000e\000s}{}% 5
\BOOKMARK [3][-]{section*.6}{\376\377\000B\000a\000s\000h}{section*.5}% 6
\BOOKMARK [3][-]{section*.7}{\376\377\000P\000y\000t\000h\000o\000n}{section*.5}% 7
\BOOKMARK [3][-]{section*.8}{\376\377\000T\000a\000b\000l\000e\000s}{section*.5}% 8
\BOOKMARK [3][-]{section*.9}{\376\377\000M\000a\000r\000k\000d\000o\000w\000n\000\040\000B\000a\000s\000i\000c\000s}{section*.5}% 9
\BOOKMARK [1][-]{section*.10}{\376\377\000A\000\040\000l\000e\000v\000e\000l\000-\000o\000n\000e\000\040\000h\000e\000a\000d\000e\000r}{}% 10
\BOOKMARK [1][-]{section*.11}{\376\377\000H\000e\000a\000d\000e\000r\000s}{}% 11
\BOOKMARK [2][-]{section*.12}{\376\377\000A\000\040\000l\000e\000v\000e\000l\000-\000t\000w\000o\000\040\000h\000e\000a\000d\000e\000r}{section*.11}% 12
\BOOKMARK [2][-]{section*.13}{\376\377\000A\000T\000X\000-\000s\000t\000y\000l\000e\000\040\000l\000e\000v\000e\000l\000-\000t\000w\000o\000\040\000h\000e\000a\000d\000e\000r}{section*.11}% 13
\BOOKMARK [3][-]{section*.14}{\376\377\000A\000T\000X\000-\000s\000t\000y\000l\000e\000\040\000l\000e\000v\000e\000l\000-\000t\000h\000r\000e\000e\000\040\000h\000e\000a\000d\000e\000r}{section*.13}% 14
\BOOKMARK [1][-]{section*.15}{\376\377\000A\000\040\000l\000e\000v\000e\000l\000-\000o\000n\000e\000\040\000h\000e\000a\000d\000e\000r\000\040\000w\000i\000t\000h\000\040\000a\000\040\000l\000i\000n\000k\000\040\000a\000n\000d\000\040\000e\000m\000p\000h\000a\000s\000i\000s}{}% 15
\BOOKMARK [2][-]{section*.16}{\376\377\000H\000e\000a\000d\000e\000r\000\040\000A\000t\000t\000r\000i\000b\000u\000t\000e\000s}{section*.15}% 16
\BOOKMARK [1][-]{section*.17}{\376\377\000L\000e\000v\000e\000l\000-\000o\000n\000e\000\040\000h\000e\000a\000d\000e\000r}{}% 17
\BOOKMARK [2][-]{section*.18}{\376\377\000M\000y\000\040\000h\000e\000a\000d\000e\000r}{section*.17}% 18
\BOOKMARK [2][-]{section*.19}{\376\377\000M\000y\000\040\000o\000t\000h\000e\000r\000\040\000h\000e\000a\000d\000e\000r}{section*.17}% 19
\BOOKMARK [1][-]{section*.20}{\376\377\000L\000e\000v\000e\000l\000-\000o\000n\000e\000\040\000u\000n\000n\000u\000m\000b\000e\000r\000e\000d\000\040\000h\000e\000a\000d\000e\000r}{}% 20
\BOOKMARK [1][-]{section*.21}{\376\377\000L\000e\000v\000e\000l\000-\000o\000n\000e\000\040\000u\000n\000n\000u\000m\000b\000e\000r\000e\000d\000\040\000h\000e\000a\000d\000e\000r}{}% 21
\BOOKMARK [1][-]{section*.22}{\376\377\000L\000i\000s\000t\000s}{}% 22
\BOOKMARK [2][-]{section*.23}{\376\377\000B\000u\000l\000l\000e\000t\000\040\000L\000i\000s\000t\000s}{section*.22}% 23
\BOOKMARK [3][-]{section*.24}{\376\377\000T\000h\000e\000\040\000f\000o\000u\000r\000-\000s\000p\000a\000c\000e\000\040\000r\000u\000l\000e}{section*.23}% 24
\BOOKMARK [2][-]{section*.25}{\376\377\000O\000r\000d\000e\000r\000e\000d\000\040\000L\000i\000s\000t\000s}{section*.22}% 25
\BOOKMARK [3][-]{section*.26}{\376\377\000f\000a\000n\000c\000y\000\137\000l\000i\000s\000t\000s}{section*.25}% 26
\BOOKMARK [3][-]{section*.27}{\376\377\000E\000x\000t\000e\000n\000s\000i\000o\000n\000:\000\040\000s\000t\000a\000r\000t\000n\000u\000m}{section*.25}% 27
\BOOKMARK [3][-]{section*.28}{\376\377\000D\000e\000f\000a\000u\000l\000t\000\040\000M\000a\000r\000k\000e\000r}{section*.25}% 28
\BOOKMARK [3][-]{section*.29}{\376\377\000T\000e\000r\000m\000\040\0001}{section*.25}% 29
\BOOKMARK [1][-]{section*.30}{\376\377\000L\000i\000n\000k\000s}{}% 30
\BOOKMARK [2][-]{section*.31}{\376\377\000A\000u\000t\000o\000m\000a\000t\000i\000c\000\040\000L\000i\000n\000k\000s}{section*.30}% 31
\BOOKMARK [2][-]{section*.32}{\376\377\000I\000n\000l\000i\000n\000e\000\040\000l\000i\000n\000k\000s}{section*.30}% 32
\BOOKMARK [2][-]{section*.33}{\376\377\000E\000m\000a\000i\000l\000s\000\040\000n\000e\000e\000d\000\040\000t\000h\000e\000\040\000p\000r\000e\000f\000i\000x\000\040\000m\000a\000i\000l\000t\000o}{section*.30}% 33
\BOOKMARK [2][-]{section*.34}{\376\377\000R\000e\000f\000e\000r\000e\000n\000c\000e\000\040\000L\000i\000n\000k\000s}{section*.30}% 34
\BOOKMARK [2][-]{section*.35}{\376\377\000I\000n\000t\000e\000r\000n\000a\000l\000\040\000l\000i\000n\000k}{section*.30}% 35
